2016-12-24 16:50:24,246:INFO main (AbstractTestContextBootstrapper.java:319) - Neither @ContextConfiguration nor @ContextHierarchy found for test class [com.spring.cloud.TestApplication], using SpringBootContextLoader
2016-12-24 16:50:24,253:INFO main (AbstractContextLoader.java:264) - Could not detect default resource locations for test class [com.spring.cloud.TestApplication]: no resource found for suffixes {-context.xml, Context.groovy}.
2016-12-24 16:50:24,330:INFO main (AbstractTestContextBootstrapper.java:260) - Loaded default TestExecutionListener class names from location [META-INF/spring.factories]: [org.springframework.boot.test.mock.mockito.MockitoTestExecutionListener, org.springframework.boot.test.mock.mockito.ResetMocksTestExecutionListener, org.springframework.boot.test.autoconfigure.restdocs.RestDocsTestExecutionListener, org.springframework.boot.test.autoconfigure.web.client.MockRestServiceServerResetTestExecutionListener, org.springframework.boot.test.autoconfigure.web.servlet.MockMvcPrintOnlyOnFailureTestExecutionListener, org.springframework.boot.test.autoconfigure.web.servlet.WebDriverTestExecutionListener, org.springframework.test.context.web.ServletTestExecutionListener, org.springframework.test.context.support.DirtiesContextBeforeModesTestExecutionListener, org.springframework.test.context.support.DependencyInjectionTestExecutionListener, org.springframework.test.context.support.DirtiesContextTestExecutionListener, org.springframework.test.context.transaction.TransactionalTestExecutionListener, org.springframework.test.context.jdbc.SqlScriptsTestExecutionListener]
2016-12-24 16:50:24,344:INFO main (AbstractTestContextBootstrapper.java:209) - Could not instantiate TestExecutionListener [org.springframework.test.context.jdbc.SqlScriptsTestExecutionListener]. Specify custom listener classes or make the default listener classes (and their required dependencies) available. Offending class: [org/springframework/transaction/interceptor/TransactionAttribute]
2016-12-24 16:50:24,348:INFO main (AbstractTestContextBootstrapper.java:209) - Could not instantiate TestExecutionListener [org.springframework.test.context.transaction.TransactionalTestExecutionListener]. Specify custom listener classes or make the default listener classes (and their required dependencies) available. Offending class: [org/springframework/transaction/interceptor/TransactionAttributeSource]
2016-12-24 16:50:24,349:INFO main (AbstractTestContextBootstrapper.java:187) - Using TestExecutionListeners: [org.springframework.test.context.web.ServletTestExecutionListener@1f9d6c7b, org.springframework.test.context.support.DirtiesContextBeforeModesTestExecutionListener@6df20ade, org.springframework.boot.test.autoconfigure.SpringBootDependencyInjectionTestExecutionListener@4fbb001b, org.springframework.test.context.support.DirtiesContextTestExecutionListener@4010d494, org.springframework.boot.test.autoconfigure.restdocs.RestDocsTestExecutionListener@341a8659, org.springframework.boot.test.autoconfigure.web.servlet.MockMvcPrintOnlyOnFailureTestExecutionListener@4943defe, org.springframework.boot.test.autoconfigure.web.servlet.WebDriverTestExecutionListener@5eefa415, org.springframework.boot.test.mock.mockito.MockitoTestExecutionListener@181d7f28, org.springframework.boot.test.autoconfigure.web.client.MockRestServiceServerResetTestExecutionListener@78d50a3c, org.springframework.boot.test.mock.mockito.ResetMocksTestExecutionListener@2fb69ff6]
2016-12-24 16:50:24,933:INFO main (AbstractApplicationContext.java:582) - Refreshing org.springframework.context.annotation.AnnotationConfigApplicationContext@6fd5717c: startup date [Sat Dec 24 16:50:24 CST 2016]; root of context hierarchy
2016-12-24 16:50:25,049:INFO background-preinit (Version.java:30) - HV000001: Hibernate Validator 5.2.4.Final
2016-12-24 16:50:25,200:INFO main (AutowiredAnnotationBeanPostProcessor.java:155) - JSR-330 'javax.inject.Inject' annotation found and supported for autowiring
2016-12-24 16:50:25,248:INFO main (PostProcessorRegistrationDelegate.java:325) - Bean 'configurationPropertiesRebinderAutoConfiguration' of type [class org.springframework.cloud.autoconfigure.ConfigurationPropertiesRebinderAutoConfiguration$$EnhancerBySpringCGLIB$$89403302] is not eligible for getting processed by all BeanPostProcessors (for example: not eligible for auto-proxying)
2016-12-24 16:50:25,676:INFO main (SpringApplication.java:661) - No active profile set, falling back to default profiles: default
2016-12-24 16:50:25,679:INFO main (AbstractApplicationContext.java:582) - Refreshing org.springframework.web.context.support.GenericWebApplicationContext@507d64aa: startup date [Sat Dec 24 16:50:25 CST 2016]; parent: org.springframework.context.annotation.AnnotationConfigApplicationContext@6fd5717c
2016-12-24 16:50:26,268:WARN main (ConfigurationClassPostProcessor.java:373) - Cannot enhance @Configuration bean definition 'refreshScope' since its singleton instance has been created too early. The typical cause is a non-static @Bean method with a BeanDefinitionRegistryPostProcessor return type: Consider declaring such methods as 'static'.
2016-12-24 16:50:26,366:INFO main (GenericScope.java:263) - BeanFactory id=1f066ff1-8a4a-35d5-b05a-79b2b352001c
2016-12-24 16:50:26,457:INFO main (AutowiredAnnotationBeanPostProcessor.java:155) - JSR-330 'javax.inject.Inject' annotation found and supported for autowiring
2016-12-24 16:50:26,693:INFO main (PostProcessorRegistrationDelegate.java:325) - Bean 'org.springframework.cloud.autoconfigure.ConfigurationPropertiesRebinderAutoConfiguration' of type [class org.springframework.cloud.autoconfigure.ConfigurationPropertiesRebinderAutoConfiguration$$EnhancerBySpringCGLIB$$89403302] is not eligible for getting processed by all BeanPostProcessors (for example: not eligible for auto-proxying)
2016-12-24 16:50:28,036:INFO main (RequestMappingHandlerAdapter.java:534) - Looking for @ControllerAdvice: org.springframework.web.context.support.GenericWebApplicationContext@507d64aa: startup date [Sat Dec 24 16:50:25 CST 2016]; parent: org.springframework.context.annotation.AnnotationConfigApplicationContext@6fd5717c
2016-12-24 16:50:28,139:INFO main (AbstractHandlerMethodMapping.java:543) - Mapped "{[/add],methods=[GET]}" onto public java.lang.String com.spring.cloud.controller.ConsumerController.add()
2016-12-24 16:50:28,141:INFO main (AbstractHandlerMethodMapping.java:543) - Mapped "{[/error]}" onto public org.springframework.http.ResponseEntity<java.util.Map<java.lang.String, java.lang.Object>> org.springframework.boot.autoconfigure.web.BasicErrorController.error(javax.servlet.http.HttpServletRequest)
2016-12-24 16:50:28,142:INFO main (AbstractHandlerMethodMapping.java:543) - Mapped "{[/error],produces=[text/html]}" onto public org.springframework.web.servlet.ModelAndView org.springframework.boot.autoconfigure.web.BasicErrorController.errorHtml(javax.servlet.http.HttpServletRequest,javax.servlet.http.HttpServletResponse)
2016-12-24 16:50:28,221:INFO main (AbstractUrlHandlerMapping.java:354) - Mapped URL path [/webjars/**] onto handler of type [class org.springframework.web.servlet.resource.ResourceHttpRequestHandler]
2016-12-24 16:50:28,221:INFO main (AbstractUrlHandlerMapping.java:354) - Mapped URL path [/**] onto handler of type [class org.springframework.web.servlet.resource.ResourceHttpRequestHandler]
2016-12-24 16:50:28,287:INFO main (AbstractUrlHandlerMapping.java:354) - Mapped URL path [/**/favicon.ico] onto handler of type [class org.springframework.web.servlet.resource.ResourceHttpRequestHandler]
2016-12-24 16:50:28,713:WARN main (URLConfigurationSource.java:121) - No URLs will be polled as dynamic configuration sources.
2016-12-24 16:50:28,713:INFO main (URLConfigurationSource.java:122) - To enable URLs as dynamic configuration sources, define System property archaius.configurationSource.additionalUrls or make config.properties available on classpath.
2016-12-24 16:50:28,720:WARN main (URLConfigurationSource.java:121) - No URLs will be polled as dynamic configuration sources.
2016-12-24 16:50:28,720:INFO main (URLConfigurationSource.java:122) - To enable URLs as dynamic configuration sources, define System property archaius.configurationSource.additionalUrls or make config.properties available on classpath.
2016-12-24 16:50:29,037:INFO main (DefaultLifecycleProcessor.java:341) - Starting beans in phase 0
2016-12-24 16:50:29,045:INFO main (StartupInfoLogger.java:57) - Started TestApplication in 4.591 seconds (JVM running for 6.398)
2016-12-24 16:50:29,308:INFO hystrix-ComputeService-1 (AbstractApplicationContext.java:582) - Refreshing org.springframework.context.annotation.AnnotationConfigApplicationContext@4656e409: startup date [Sat Dec 24 16:50:29 CST 2016]; parent: org.springframework.web.context.support.GenericWebApplicationContext@507d64aa
2016-12-24 16:50:29,349:INFO hystrix-ComputeService-1 (AutowiredAnnotationBeanPostProcessor.java:155) - JSR-330 'javax.inject.Inject' annotation found and supported for autowiring
2016-12-24 16:50:29,526:INFO hystrix-ComputeService-1 (ChainedDynamicProperty.java:115) - Flipping property: COMPUTE-SERVICE.ribbon.ActiveConnectionsLimit to use NEXT property: niws.loadbalancer.availabilityFilteringRule.activeConnectionsLimit = 2147483647
2016-12-24 16:50:29,543:INFO hystrix-ComputeService-1 (ShutdownEnabledTimer.java:58) - Shutdown hook installed for: NFLoadBalancer-PingTimer-COMPUTE-SERVICE
2016-12-24 16:50:29,574:INFO hystrix-ComputeService-1 (BaseLoadBalancer.java:185) - Client:COMPUTE-SERVICE instantiated a LoadBalancer:DynamicServerListLoadBalancer:{NFLoadBalancer:name=COMPUTE-SERVICE,current list of Servers=[],Load balancer stats=Zone stats: {},Server stats: []}ServerList:null
2016-12-24 16:50:29,579:INFO hystrix-ComputeService-1 (DynamicServerListLoadBalancer.java:214) - Using serverListUpdater PollingServerListUpdater
2016-12-24 16:50:29,594:INFO hystrix-ComputeService-1 (InstanceInfoFactory.java:70) - Setting initial instance status as: STARTING
2016-12-24 16:50:29,935:INFO hystrix-ComputeService-1 (DiscoveryJerseyProvider.java:70) - Using JSON encoding codec LegacyJacksonJson
2016-12-24 16:50:29,936:INFO hystrix-ComputeService-1 (DiscoveryJerseyProvider.java:71) - Using JSON decoding codec LegacyJacksonJson
2016-12-24 16:50:30,047:INFO hystrix-ComputeService-1 (DiscoveryJerseyProvider.java:80) - Using XML encoding codec XStreamXml
2016-12-24 16:50:30,047:INFO hystrix-ComputeService-1 (DiscoveryJerseyProvider.java:81) - Using XML decoding codec XStreamXml
2016-12-24 16:50:30,291:INFO main (TestApplication.java:51) - 服务生活者返回信息:error
2016-12-24 16:50:30,295:INFO hystrix-ComputeService-1 (ConfigClusterResolver.java:43) - Resolving eureka endpoints via configuration
2016-12-24 16:50:30,302:INFO Thread-7 (PollingServerListUpdater.java:53) - Shutting down the Executor Pool for PollingServerListUpdater
2016-12-24 16:50:30,648:INFO hystrix-ComputeService-1 (InstanceInfoReplicator.java:59) - InstanceInfoReplicator onDemand update allowed rate per min is 4
