2016-12-24 16:48:16,210:INFO main (AbstractTestContextBootstrapper.java:319) - Neither @ContextConfiguration nor @ContextHierarchy found for test class [com.spring.cloud.TestApplication], using SpringBootContextLoader
2016-12-24 16:48:16,214:INFO main (AbstractContextLoader.java:264) - Could not detect default resource locations for test class [com.spring.cloud.TestApplication]: no resource found for suffixes {-context.xml, Context.groovy}.
2016-12-24 16:48:16,273:INFO main (AbstractTestContextBootstrapper.java:260) - Loaded default TestExecutionListener class names from location [META-INF/spring.factories]: [org.springframework.boot.test.mock.mockito.MockitoTestExecutionListener, org.springframework.boot.test.mock.mockito.ResetMocksTestExecutionListener, org.springframework.boot.test.autoconfigure.restdocs.RestDocsTestExecutionListener, org.springframework.boot.test.autoconfigure.web.client.MockRestServiceServerResetTestExecutionListener, org.springframework.boot.test.autoconfigure.web.servlet.MockMvcPrintOnlyOnFailureTestExecutionListener, org.springframework.boot.test.autoconfigure.web.servlet.WebDriverTestExecutionListener, org.springframework.test.context.web.ServletTestExecutionListener, org.springframework.test.context.support.DirtiesContextBeforeModesTestExecutionListener, org.springframework.test.context.support.DependencyInjectionTestExecutionListener, org.springframework.test.context.support.DirtiesContextTestExecutionListener, org.springframework.test.context.transaction.TransactionalTestExecutionListener, org.springframework.test.context.jdbc.SqlScriptsTestExecutionListener]
2016-12-24 16:48:16,290:INFO main (AbstractTestContextBootstrapper.java:209) - Could not instantiate TestExecutionListener [org.springframework.test.context.jdbc.SqlScriptsTestExecutionListener]. Specify custom listener classes or make the default listener classes (and their required dependencies) available. Offending class: [org/springframework/transaction/interceptor/TransactionAttribute]
2016-12-24 16:48:16,293:INFO main (AbstractTestContextBootstrapper.java:209) - Could not instantiate TestExecutionListener [org.springframework.test.context.transaction.TransactionalTestExecutionListener]. Specify custom listener classes or make the default listener classes (and their required dependencies) available. Offending class: [org/springframework/transaction/interceptor/TransactionAttributeSource]
2016-12-24 16:48:16,294:INFO main (AbstractTestContextBootstrapper.java:187) - Using TestExecutionListeners: [org.springframework.test.context.web.ServletTestExecutionListener@5eefa415, org.springframework.test.context.support.DirtiesContextBeforeModesTestExecutionListener@181d7f28, org.springframework.boot.test.autoconfigure.SpringBootDependencyInjectionTestExecutionListener@78d50a3c, org.springframework.test.context.support.DirtiesContextTestExecutionListener@2fb69ff6, org.springframework.boot.test.mock.mockito.MockitoTestExecutionListener@cda4919, org.springframework.boot.test.autoconfigure.restdocs.RestDocsTestExecutionListener@7f4d9395, org.springframework.boot.test.autoconfigure.web.client.MockRestServiceServerResetTestExecutionListener@2f19f2aa, org.springframework.boot.test.mock.mockito.ResetMocksTestExecutionListener@344b8190, org.springframework.boot.test.autoconfigure.web.servlet.MockMvcPrintOnlyOnFailureTestExecutionListener@6a078481, org.springframework.boot.test.autoconfigure.web.servlet.WebDriverTestExecutionListener@79c5636f]
2016-12-24 16:48:16,905:INFO main (AbstractApplicationContext.java:582) - Refreshing org.springframework.context.annotation.AnnotationConfigApplicationContext@1f193686: startup date [Sat Dec 24 16:48:16 CST 2016]; root of context hierarchy
2016-12-24 16:48:17,054:INFO background-preinit (Version.java:30) - HV000001: Hibernate Validator 5.2.4.Final
2016-12-24 16:48:17,187:INFO main (AutowiredAnnotationBeanPostProcessor.java:155) - JSR-330 'javax.inject.Inject' annotation found and supported for autowiring
2016-12-24 16:48:17,224:INFO main (PostProcessorRegistrationDelegate.java:325) - Bean 'configurationPropertiesRebinderAutoConfiguration' of type [class org.springframework.cloud.autoconfigure.ConfigurationPropertiesRebinderAutoConfiguration$$EnhancerBySpringCGLIB$$8293e3d8] is not eligible for getting processed by all BeanPostProcessors (for example: not eligible for auto-proxying)
2016-12-24 16:48:17,649:INFO main (SpringApplication.java:661) - No active profile set, falling back to default profiles: default
2016-12-24 16:48:17,652:INFO main (AbstractApplicationContext.java:582) - Refreshing org.springframework.web.context.support.GenericWebApplicationContext@f4a3a8d: startup date [Sat Dec 24 16:48:17 CST 2016]; parent: org.springframework.context.annotation.AnnotationConfigApplicationContext@1f193686
2016-12-24 16:48:18,214:WARN main (ConfigurationClassPostProcessor.java:373) - Cannot enhance @Configuration bean definition 'refreshScope' since its singleton instance has been created too early. The typical cause is a non-static @Bean method with a BeanDefinitionRegistryPostProcessor return type: Consider declaring such methods as 'static'.
2016-12-24 16:48:18,319:INFO main (GenericScope.java:263) - BeanFactory id=11bb62f1-6799-3328-b465-ce57dedd89c6
2016-12-24 16:48:18,399:INFO main (AutowiredAnnotationBeanPostProcessor.java:155) - JSR-330 'javax.inject.Inject' annotation found and supported for autowiring
2016-12-24 16:48:18,472:INFO main (PostProcessorRegistrationDelegate.java:325) - Bean 'org.springframework.cloud.autoconfigure.ConfigurationPropertiesRebinderAutoConfiguration' of type [class org.springframework.cloud.autoconfigure.ConfigurationPropertiesRebinderAutoConfiguration$$EnhancerBySpringCGLIB$$8293e3d8] is not eligible for getting processed by all BeanPostProcessors (for example: not eligible for auto-proxying)
2016-12-24 16:48:18,514:INFO main (AbstractApplicationContext.java:582) - Refreshing org.springframework.context.annotation.AnnotationConfigApplicationContext@67d4c48d: startup date [Sat Dec 24 16:48:18 CST 2016]; parent: org.springframework.web.context.support.GenericWebApplicationContext@f4a3a8d
2016-12-24 16:48:18,529:INFO main (AutowiredAnnotationBeanPostProcessor.java:155) - JSR-330 'javax.inject.Inject' annotation found and supported for autowiring
2016-12-24 16:48:19,373:INFO main (RequestMappingHandlerAdapter.java:534) - Looking for @ControllerAdvice: org.springframework.web.context.support.GenericWebApplicationContext@f4a3a8d: startup date [Sat Dec 24 16:48:17 CST 2016]; parent: org.springframework.context.annotation.AnnotationConfigApplicationContext@1f193686
2016-12-24 16:48:19,447:INFO main (AbstractHandlerMethodMapping.java:543) - Mapped "{[/add],methods=[GET]}" onto public java.lang.Integer com.spring.cloud.controller.ConsumerController.add()
2016-12-24 16:48:19,449:INFO main (AbstractHandlerMethodMapping.java:543) - Mapped "{[/error]}" onto public org.springframework.http.ResponseEntity<java.util.Map<java.lang.String, java.lang.Object>> org.springframework.boot.autoconfigure.web.BasicErrorController.error(javax.servlet.http.HttpServletRequest)
2016-12-24 16:48:19,450:INFO main (AbstractHandlerMethodMapping.java:543) - Mapped "{[/error],produces=[text/html]}" onto public org.springframework.web.servlet.ModelAndView org.springframework.boot.autoconfigure.web.BasicErrorController.errorHtml(javax.servlet.http.HttpServletRequest,javax.servlet.http.HttpServletResponse)
2016-12-24 16:48:19,487:INFO main (AbstractUrlHandlerMapping.java:354) - Mapped URL path [/webjars/**] onto handler of type [class org.springframework.web.servlet.resource.ResourceHttpRequestHandler]
2016-12-24 16:48:19,487:INFO main (AbstractUrlHandlerMapping.java:354) - Mapped URL path [/**] onto handler of type [class org.springframework.web.servlet.resource.ResourceHttpRequestHandler]
2016-12-24 16:48:19,531:INFO main (AbstractUrlHandlerMapping.java:354) - Mapped URL path [/**/favicon.ico] onto handler of type [class org.springframework.web.servlet.resource.ResourceHttpRequestHandler]
2016-12-24 16:48:19,850:WARN main (URLConfigurationSource.java:121) - No URLs will be polled as dynamic configuration sources.
2016-12-24 16:48:19,851:INFO main (URLConfigurationSource.java:122) - To enable URLs as dynamic configuration sources, define System property archaius.configurationSource.additionalUrls or make config.properties available on classpath.
2016-12-24 16:48:19,857:WARN main (URLConfigurationSource.java:121) - No URLs will be polled as dynamic configuration sources.
2016-12-24 16:48:19,858:INFO main (URLConfigurationSource.java:122) - To enable URLs as dynamic configuration sources, define System property archaius.configurationSource.additionalUrls or make config.properties available on classpath.
2016-12-24 16:48:20,124:INFO main (DefaultLifecycleProcessor.java:341) - Starting beans in phase 0
2016-12-24 16:48:20,132:INFO main (StartupInfoLogger.java:57) - Started TestApplication in 3.726 seconds (JVM running for 5.648)
2016-12-24 16:48:20,328:INFO hystrix-compute-service-1 (AbstractApplicationContext.java:582) - Refreshing org.springframework.context.annotation.AnnotationConfigApplicationContext@2db45d21: startup date [Sat Dec 24 16:48:20 CST 2016]; parent: org.springframework.web.context.support.GenericWebApplicationContext@f4a3a8d
2016-12-24 16:48:20,366:INFO hystrix-compute-service-1 (AutowiredAnnotationBeanPostProcessor.java:155) - JSR-330 'javax.inject.Inject' annotation found and supported for autowiring
2016-12-24 16:48:20,525:INFO hystrix-compute-service-1 (ChainedDynamicProperty.java:115) - Flipping property: compute-service.ribbon.ActiveConnectionsLimit to use NEXT property: niws.loadbalancer.availabilityFilteringRule.activeConnectionsLimit = 2147483647
2016-12-24 16:48:20,542:INFO hystrix-compute-service-1 (ShutdownEnabledTimer.java:58) - Shutdown hook installed for: NFLoadBalancer-PingTimer-compute-service
2016-12-24 16:48:20,570:INFO hystrix-compute-service-1 (BaseLoadBalancer.java:185) - Client:compute-service instantiated a LoadBalancer:DynamicServerListLoadBalancer:{NFLoadBalancer:name=compute-service,current list of Servers=[],Load balancer stats=Zone stats: {},Server stats: []}ServerList:null
2016-12-24 16:48:20,575:INFO hystrix-compute-service-1 (DynamicServerListLoadBalancer.java:214) - Using serverListUpdater PollingServerListUpdater
2016-12-24 16:48:20,587:INFO hystrix-compute-service-1 (InstanceInfoFactory.java:70) - Setting initial instance status as: STARTING
2016-12-24 16:48:20,869:INFO hystrix-compute-service-1 (DiscoveryJerseyProvider.java:70) - Using JSON encoding codec LegacyJacksonJson
2016-12-24 16:48:20,869:INFO hystrix-compute-service-1 (DiscoveryJerseyProvider.java:71) - Using JSON decoding codec LegacyJacksonJson
2016-12-24 16:48:20,982:INFO hystrix-compute-service-1 (DiscoveryJerseyProvider.java:80) - Using XML encoding codec XStreamXml
2016-12-24 16:48:20,982:INFO hystrix-compute-service-1 (DiscoveryJerseyProvider.java:81) - Using XML decoding codec XStreamXml
2016-12-24 16:48:21,226:INFO hystrix-compute-service-1 (ConfigClusterResolver.java:43) - Resolving eureka endpoints via configuration
2016-12-24 16:48:21,324:INFO main (TestApplication.java:34) - result:-9999
2016-12-24 16:48:21,336:INFO Thread-4 (AbstractApplicationContext.java:987) - Closing org.springframework.web.context.support.GenericWebApplicationContext@f4a3a8d: startup date [Sat Dec 24 16:48:17 CST 2016]; parent: org.springframework.context.annotation.AnnotationConfigApplicationContext@1f193686
2016-12-24 16:48:21,343:INFO Thread-7 (PollingServerListUpdater.java:53) - Shutting down the Executor Pool for PollingServerListUpdater
2016-12-24 16:48:21,343:INFO Thread-4 (EurekaDiscoveryClientConfiguration.java:128) - Unregistering application feign-consumer with eureka with status DOWN
2016-12-24 16:48:21,709:INFO hystrix-compute-service-1 (InstanceInfoReplicator.java:59) - InstanceInfoReplicator onDemand update allowed rate per min is 4
2016-12-24 16:48:45,286:INFO main (AbstractTestContextBootstrapper.java:319) - Neither @ContextConfiguration nor @ContextHierarchy found for test class [com.spring.cloud.TestApplication], using SpringBootContextLoader
2016-12-24 16:48:45,291:INFO main (AbstractContextLoader.java:264) - Could not detect default resource locations for test class [com.spring.cloud.TestApplication]: no resource found for suffixes {-context.xml, Context.groovy}.
2016-12-24 16:48:45,360:INFO main (AbstractTestContextBootstrapper.java:260) - Loaded default TestExecutionListener class names from location [META-INF/spring.factories]: [org.springframework.boot.test.mock.mockito.MockitoTestExecutionListener, org.springframework.boot.test.mock.mockito.ResetMocksTestExecutionListener, org.springframework.boot.test.autoconfigure.restdocs.RestDocsTestExecutionListener, org.springframework.boot.test.autoconfigure.web.client.MockRestServiceServerResetTestExecutionListener, org.springframework.boot.test.autoconfigure.web.servlet.MockMvcPrintOnlyOnFailureTestExecutionListener, org.springframework.boot.test.autoconfigure.web.servlet.WebDriverTestExecutionListener, org.springframework.test.context.web.ServletTestExecutionListener, org.springframework.test.context.support.DirtiesContextBeforeModesTestExecutionListener, org.springframework.test.context.support.DependencyInjectionTestExecutionListener, org.springframework.test.context.support.DirtiesContextTestExecutionListener, org.springframework.test.context.transaction.TransactionalTestExecutionListener, org.springframework.test.context.jdbc.SqlScriptsTestExecutionListener]
2016-12-24 16:48:45,371:INFO main (AbstractTestContextBootstrapper.java:209) - Could not instantiate TestExecutionListener [org.springframework.test.context.transaction.TransactionalTestExecutionListener]. Specify custom listener classes or make the default listener classes (and their required dependencies) available. Offending class: [org/springframework/transaction/interceptor/TransactionAttributeSource]
2016-12-24 16:48:45,376:INFO main (AbstractTestContextBootstrapper.java:209) - Could not instantiate TestExecutionListener [org.springframework.test.context.jdbc.SqlScriptsTestExecutionListener]. Specify custom listener classes or make the default listener classes (and their required dependencies) available. Offending class: [org/springframework/transaction/interceptor/TransactionAttribute]
2016-12-24 16:48:45,379:INFO main (AbstractTestContextBootstrapper.java:187) - Using TestExecutionListeners: [org.springframework.test.context.web.ServletTestExecutionListener@4943defe, org.springframework.test.context.support.DirtiesContextBeforeModesTestExecutionListener@5eefa415, org.springframework.boot.test.autoconfigure.SpringBootDependencyInjectionTestExecutionListener@181d7f28, org.springframework.test.context.support.DirtiesContextTestExecutionListener@78d50a3c, org.springframework.boot.test.autoconfigure.web.servlet.MockMvcPrintOnlyOnFailureTestExecutionListener@2fb69ff6, org.springframework.boot.test.autoconfigure.web.client.MockRestServiceServerResetTestExecutionListener@cda4919, org.springframework.boot.test.mock.mockito.MockitoTestExecutionListener@7f4d9395, org.springframework.boot.test.autoconfigure.web.servlet.WebDriverTestExecutionListener@2f19f2aa, org.springframework.boot.test.autoconfigure.restdocs.RestDocsTestExecutionListener@344b8190, org.springframework.boot.test.mock.mockito.ResetMocksTestExecutionListener@6a078481]
2016-12-24 16:48:46,002:INFO main (AbstractApplicationContext.java:582) - Refreshing org.springframework.context.annotation.AnnotationConfigApplicationContext@333cb916: startup date [Sat Dec 24 16:48:46 CST 2016]; root of context hierarchy
2016-12-24 16:48:46,157:INFO background-preinit (Version.java:30) - HV000001: Hibernate Validator 5.2.4.Final
2016-12-24 16:48:46,277:INFO main (AutowiredAnnotationBeanPostProcessor.java:155) - JSR-330 'javax.inject.Inject' annotation found and supported for autowiring
2016-12-24 16:48:46,319:INFO main (PostProcessorRegistrationDelegate.java:325) - Bean 'configurationPropertiesRebinderAutoConfiguration' of type [class org.springframework.cloud.autoconfigure.ConfigurationPropertiesRebinderAutoConfiguration$$EnhancerBySpringCGLIB$$361e65ae] is not eligible for getting processed by all BeanPostProcessors (for example: not eligible for auto-proxying)
2016-12-24 16:48:46,761:INFO main (SpringApplication.java:661) - No active profile set, falling back to default profiles: default
2016-12-24 16:48:46,764:INFO main (AbstractApplicationContext.java:582) - Refreshing org.springframework.web.context.support.GenericWebApplicationContext@26350ea2: startup date [Sat Dec 24 16:48:46 CST 2016]; parent: org.springframework.context.annotation.AnnotationConfigApplicationContext@333cb916
2016-12-24 16:48:47,275:WARN main (ConfigurationClassPostProcessor.java:373) - Cannot enhance @Configuration bean definition 'refreshScope' since its singleton instance has been created too early. The typical cause is a non-static @Bean method with a BeanDefinitionRegistryPostProcessor return type: Consider declaring such methods as 'static'.
2016-12-24 16:48:47,363:INFO main (GenericScope.java:263) - BeanFactory id=11bb62f1-6799-3328-b465-ce57dedd89c6
2016-12-24 16:48:47,448:INFO main (AutowiredAnnotationBeanPostProcessor.java:155) - JSR-330 'javax.inject.Inject' annotation found and supported for autowiring
2016-12-24 16:48:47,512:INFO main (PostProcessorRegistrationDelegate.java:325) - Bean 'org.springframework.cloud.autoconfigure.ConfigurationPropertiesRebinderAutoConfiguration' of type [class org.springframework.cloud.autoconfigure.ConfigurationPropertiesRebinderAutoConfiguration$$EnhancerBySpringCGLIB$$361e65ae] is not eligible for getting processed by all BeanPostProcessors (for example: not eligible for auto-proxying)
2016-12-24 16:48:47,559:INFO main (AbstractApplicationContext.java:582) - Refreshing org.springframework.context.annotation.AnnotationConfigApplicationContext@22825e1e: startup date [Sat Dec 24 16:48:47 CST 2016]; parent: org.springframework.web.context.support.GenericWebApplicationContext@26350ea2
2016-12-24 16:48:47,575:INFO main (AutowiredAnnotationBeanPostProcessor.java:155) - JSR-330 'javax.inject.Inject' annotation found and supported for autowiring
2016-12-24 16:48:48,522:INFO main (RequestMappingHandlerAdapter.java:534) - Looking for @ControllerAdvice: org.springframework.web.context.support.GenericWebApplicationContext@26350ea2: startup date [Sat Dec 24 16:48:46 CST 2016]; parent: org.springframework.context.annotation.AnnotationConfigApplicationContext@333cb916
2016-12-24 16:48:48,579:INFO main (AbstractHandlerMethodMapping.java:543) - Mapped "{[/add],methods=[GET]}" onto public java.lang.Integer com.spring.cloud.controller.ConsumerController.add()
2016-12-24 16:48:48,581:INFO main (AbstractHandlerMethodMapping.java:543) - Mapped "{[/error]}" onto public org.springframework.http.ResponseEntity<java.util.Map<java.lang.String, java.lang.Object>> org.springframework.boot.autoconfigure.web.BasicErrorController.error(javax.servlet.http.HttpServletRequest)
2016-12-24 16:48:48,582:INFO main (AbstractHandlerMethodMapping.java:543) - Mapped "{[/error],produces=[text/html]}" onto public org.springframework.web.servlet.ModelAndView org.springframework.boot.autoconfigure.web.BasicErrorController.errorHtml(javax.servlet.http.HttpServletRequest,javax.servlet.http.HttpServletResponse)
2016-12-24 16:48:48,619:INFO main (AbstractUrlHandlerMapping.java:354) - Mapped URL path [/webjars/**] onto handler of type [class org.springframework.web.servlet.resource.ResourceHttpRequestHandler]
2016-12-24 16:48:48,619:INFO main (AbstractUrlHandlerMapping.java:354) - Mapped URL path [/**] onto handler of type [class org.springframework.web.servlet.resource.ResourceHttpRequestHandler]
2016-12-24 16:48:48,660:INFO main (AbstractUrlHandlerMapping.java:354) - Mapped URL path [/**/favicon.ico] onto handler of type [class org.springframework.web.servlet.resource.ResourceHttpRequestHandler]
2016-12-24 16:48:48,928:WARN main (URLConfigurationSource.java:121) - No URLs will be polled as dynamic configuration sources.
2016-12-24 16:48:48,928:INFO main (URLConfigurationSource.java:122) - To enable URLs as dynamic configuration sources, define System property archaius.configurationSource.additionalUrls or make config.properties available on classpath.
2016-12-24 16:48:48,936:WARN main (URLConfigurationSource.java:121) - No URLs will be polled as dynamic configuration sources.
2016-12-24 16:48:48,936:INFO main (URLConfigurationSource.java:122) - To enable URLs as dynamic configuration sources, define System property archaius.configurationSource.additionalUrls or make config.properties available on classpath.
2016-12-24 16:48:49,180:INFO main (DefaultLifecycleProcessor.java:341) - Starting beans in phase 0
2016-12-24 16:48:49,188:INFO main (StartupInfoLogger.java:57) - Started TestApplication in 3.703 seconds (JVM running for 5.506)
2016-12-24 16:48:57,640:INFO hystrix-compute-service-1 (AbstractApplicationContext.java:582) - Refreshing org.springframework.context.annotation.AnnotationConfigApplicationContext@5ca44c0e: startup date [Sat Dec 24 16:48:57 CST 2016]; parent: org.springframework.web.context.support.GenericWebApplicationContext@26350ea2
2016-12-24 16:48:57,684:INFO hystrix-compute-service-1 (AutowiredAnnotationBeanPostProcessor.java:155) - JSR-330 'javax.inject.Inject' annotation found and supported for autowiring
2016-12-24 16:48:57,866:INFO hystrix-compute-service-1 (ChainedDynamicProperty.java:115) - Flipping property: compute-service.ribbon.ActiveConnectionsLimit to use NEXT property: niws.loadbalancer.availabilityFilteringRule.activeConnectionsLimit = 2147483647
2016-12-24 16:48:57,883:INFO hystrix-compute-service-1 (ShutdownEnabledTimer.java:58) - Shutdown hook installed for: NFLoadBalancer-PingTimer-compute-service
2016-12-24 16:48:57,915:INFO hystrix-compute-service-1 (BaseLoadBalancer.java:185) - Client:compute-service instantiated a LoadBalancer:DynamicServerListLoadBalancer:{NFLoadBalancer:name=compute-service,current list of Servers=[],Load balancer stats=Zone stats: {},Server stats: []}ServerList:null
2016-12-24 16:48:57,921:INFO hystrix-compute-service-1 (DynamicServerListLoadBalancer.java:214) - Using serverListUpdater PollingServerListUpdater
2016-12-24 16:48:57,934:INFO hystrix-compute-service-1 (InstanceInfoFactory.java:70) - Setting initial instance status as: STARTING
2016-12-24 16:48:58,237:INFO hystrix-compute-service-1 (DiscoveryJerseyProvider.java:70) - Using JSON encoding codec LegacyJacksonJson
2016-12-24 16:48:58,238:INFO hystrix-compute-service-1 (DiscoveryJerseyProvider.java:71) - Using JSON decoding codec LegacyJacksonJson
2016-12-24 16:48:58,358:INFO hystrix-compute-service-1 (DiscoveryJerseyProvider.java:80) - Using XML encoding codec XStreamXml
2016-12-24 16:48:58,359:INFO hystrix-compute-service-1 (DiscoveryJerseyProvider.java:81) - Using XML decoding codec XStreamXml
2016-12-24 16:48:58,644:INFO hystrix-compute-service-1 (ConfigClusterResolver.java:43) - Resolving eureka endpoints via configuration
2016-12-24 16:48:58,663:INFO main (TestApplication.java:34) - result:-9999
2016-12-24 16:49:11,230:INFO Thread-7 (PollingServerListUpdater.java:53) - Shutting down the Executor Pool for PollingServerListUpdater
2016-12-24 16:49:11,232:INFO Thread-4 (AbstractApplicationContext.java:987) - Closing org.springframework.web.context.support.GenericWebApplicationContext@26350ea2: startup date [Sat Dec 24 16:48:46 CST 2016]; parent: org.springframework.context.annotation.AnnotationConfigApplicationContext@333cb916
2016-12-24 16:49:11,237:INFO Thread-4 (EurekaDiscoveryClientConfiguration.java:128) - Unregistering application feign-consumer with eureka with status DOWN
2016-12-24 16:49:11,633:INFO hystrix-compute-service-1 (InstanceInfoReplicator.java:59) - InstanceInfoReplicator onDemand update allowed rate per min is 4
